<?xml version="1.0" encoding="UTF-8"?>
<testsuite xmlns:xsi="http://www.w3.org/2001/XMLSchema-instance" xsi:noNamespaceSchemaLocation="https://maven.apache.org/surefire/maven-surefire-plugin/xsd/surefire-test-report.xsd" name="ch.adesso.crm.camel.CustomerActivemqReaderTest" time="16.306" tests="5" errors="0" skipped="0" failures="0">
  <properties>
[...]
</properties>
  <testcase name="testTxtImporter" classname="ch.adesso.crm.camel.CustomerActivemqReaderTest" time="5.192"/>
  <testcase name="testXmlImporter" classname="ch.adesso.crm.camel.CustomerActivemqReaderTest" time="2.897"/>
  <testcase name="testCustomerToDatabase" classname="ch.adesso.crm.camel.CustomerActivemqReaderTest" time="2.533"/>
  <testcase name="testXmlImporterSaxParserError" classname="ch.adesso.crm.camel.CustomerActivemqReaderTest" time="3.438"/>
  <testcase name="testCustomerToDatabaseWithIllegalNme" classname="ch.adesso.crm.camel.CustomerActivemqReaderTest" time="2.243"/>
</testsuite>